2024-06-22T11:03:33  test: strengthen coverage
2024-07-13T18:20:40  chore: tune defaults
2024-08-10T13:37:47  refactor: simplify helper
2024-08-15T08:54:54  chore: routine maintenance
2024-09-12T15:11:01  docs: clarify usage notes
2024-10-11T10:28:08  test: add edge case
2024-11-08T17:45:15  refactor: tidy internals
2024-12-07T12:02:22  fix: handle empty input gracefully
2025-01-04T19:19:29  perf: micro-optimization
2025-01-09T14:36:36  style: formatting
2025-02-06T09:53:43  chore: bump dev tooling
2025-03-07T16:10:50  docs: expand examples
2025-04-04T11:27:57  test: strengthen coverage
2025-05-03T18:44:04  chore: tune defaults
2025-05-31T13:01:11  refactor: simplify helper
2025-06-05T08:18:18  chore: routine maintenance
2025-07-03T15:35:25  docs: clarify usage notes
2025-07-31T10:52:32  test: add edge case
2025-08-22T17:09:39  refactor: tidy internals
2025-09-19T12:26:46  fix: handle empty input gracefully
2025-10-18T19:43:53  perf: micro-optimization
